2025-08-31 15:36:49 - Starting ApiSustentavelApplication using Java 21.0.6 with PID 1596 (C:\SenaiFuturoDev\JavaComSpring\modulo3\semana1\Trello\api-sustentavel\target\classes started by emanu in C:\SenaiFuturoDev\JavaComSpring\modulo3\semana1\Trello\api-sustentavel)
2025-08-31 15:36:49 - Running with Spring Boot v3.5.5, Spring v6.2.10
2025-08-31 15:36:49 - No active profile set, falling back to 1 default profile: "default"
2025-08-31 15:36:51 - Bootstrapping Spring Data JPA repositories in DEFAULT mode.
2025-08-31 15:36:51 - Finished Spring Data repository scanning in 97 ms. Found 1 JPA repository interface.
2025-08-31 15:36:59 - Tomcat initialized with port 8080 (http)
2025-08-31 15:36:59 - Starting service [Tomcat]
2025-08-31 15:36:59 - Starting Servlet engine: [Apache Tomcat/10.1.44]
2025-08-31 15:36:59 - Initializing Spring embedded WebApplicationContext
2025-08-31 15:36:59 - Root WebApplicationContext: initialization completed in 9805 ms
2025-08-31 15:37:00 - HHH000204: Processing PersistenceUnitInfo [name: default]
2025-08-31 15:37:00 - HHH000412: Hibernate ORM core version 6.6.26.Final
2025-08-31 15:37:01 - HHH000026: Second-level cache disabled
2025-08-31 15:37:03 - No LoadTimeWeaver setup: ignoring JPA class transformer
2025-08-31 15:37:03 - HikariPool-1 - Starting...
2025-08-31 15:37:07 - HikariPool-1 - Added connection org.postgresql.jdbc.PgConnection@73aaec54
2025-08-31 15:37:07 - HikariPool-1 - Start completed.
2025-08-31 15:37:07 - HHH90000025: PostgreSQLDialect does not need to be specified explicitly using 'hibernate.dialect' (remove the property setting and it will be selected by default)
2025-08-31 15:37:07 - HHH10001005: Database info:
	Database JDBC URL [Connecting through datasource 'HikariDataSource (HikariPool-1)']
	Database driver: undefined/unknown
	Database version: 17.4
	Autocommit mode: undefined/unknown
	Isolation level: undefined/unknown
	Minimum pool size: undefined/unknown
	Maximum pool size: undefined/unknown
2025-08-31 15:37:12 - HHH000489: No JTA platform available (set 'hibernate.transaction.jta.platform' to enable JTA platform integration)
2025-08-31 15:37:14 - Initialized JPA EntityManagerFactory for persistence unit 'default'
2025-08-31 15:37:15 - spring.jpa.open-in-view is enabled by default. Therefore, database queries may be performed during view rendering. Explicitly configure spring.jpa.open-in-view to disable this warning
2025-08-31 15:37:19 - Exception encountered during context initialization - cancelling refresh attempt: org.springframework.context.ApplicationContextException: Failed to start bean 'webServerStartStop'
2025-08-31 15:37:19 - Closing JPA EntityManagerFactory for persistence unit 'default'
2025-08-31 15:37:19 - HikariPool-1 - Shutdown initiated...
2025-08-31 15:37:19 - HikariPool-1 - Shutdown completed.
2025-08-31 15:37:19 - 

Error starting ApplicationContext. To display the condition evaluation report re-run your application with 'debug' enabled.
2025-08-31 15:37:19 - 

***************************
APPLICATION FAILED TO START
***************************

Description:

Web server failed to start. Port 8080 was already in use.

Action:

Identify and stop the process that's listening on port 8080 or configure this application to listen on another port.

